<?xml version="1.0" encoding="UTF-8"?>
<robot generator="Robot 6.0.2 (Python 3.10.8 on win32)" generated="20240620 11:43:44.156" rpa="false" schemaversion="3">
<suite id="s1" name="Tests" source="C:\Users\Elris\Documents\robot-github\projects\robot-actions\tests">
<suite id="s1-s1" name="Login" source="C:\Users\Elris\Documents\robot-github\projects\robot-actions\tests\login.robot">
<test id="s1-s1-t1" name="Senha incorreta" line="10">
<kw name="Start Browser" library="base" type="SETUP">
<kw name="New Browser" library="Browser">
<arg>browser=${BROWSER}</arg>
<arg>headless=${IS_HEADLESS}</arg>
<tag>BrowserControl</tag>
<tag>Setter</tag>
<doc>Create a new playwright Browser with specified options.</doc>
<msg timestamp="20240620 11:43:44.867" level="INFO">{"browser": "chromium", "headless": true, "devtools": false, "handleSIGHUP": true, "handleSIGINT": true, "handleSIGTERM": true, "slowMo": 0.0, "timeout": 30000.0, "deprecated_pos_args": [], "tracesDir": "C:\\Users\\Elris\\Documents\\robot-github\\projects\\robot-actions\\.logs\\browser\\traces\\09902185-8cf7-434d-a9c9-e827e160427b"}</msg>
<msg timestamp="20240620 11:43:45.300" level="INFO">Successfully created browser with options: {"browser":"chromium","headless":true,"devtools":false,"handleSIGHUP":true,"handleSIGINT":true,"handleSIGTERM":true,"slowMo":0,"timeout":30000,"deprecated_pos_args":[],"tracesDir":"C:\\Users\\Elris\\Documents\\robot-github\\projects\\robot-actions\\.logs\\browser\\traces\\09902185-8cf7-434d-a9c9-e827e160427b"}</msg>
<status status="PASS" starttime="20240620 11:43:44.867" endtime="20240620 11:43:45.300"/>
</kw>
<kw name="New Page" library="Browser">
<arg>${BASE_URL}</arg>
<tag>BrowserControl</tag>
<tag>Setter</tag>
<doc>Open a new Page.</doc>
<msg timestamp="20240620 11:43:50.583" level="INFO">Successfully initialized new page object and opened url: https://loginxp.vercel.app</msg>
<msg timestamp="20240620 11:43:50.583" level="INFO">No context was open. New context was automatically opened when this page is created.</msg>
<status status="PASS" starttime="20240620 11:43:45.301" endtime="20240620 11:43:50.583"/>
</kw>
<status status="PASS" starttime="20240620 11:43:44.867" endtime="20240620 11:43:50.583"/>
</kw>
<kw name="Submit Credentials" library="actions">
<arg>qa</arg>
<arg>123456</arg>
<kw name="Fill Text" library="Browser">
<arg>css=[name=user]</arg>
<arg>${user}</arg>
<tag>PageContent</tag>
<tag>Setter</tag>
<doc>Clears and fills the given ``txt`` into the text field found by ``selector``.</doc>
<msg timestamp="20240620 11:43:50.583" level="INFO">Fills the text 'qa' in the given field.</msg>
<status status="PASS" starttime="20240620 11:43:50.583" endtime="20240620 11:43:50.636"/>
</kw>
<kw name="Fill Text" library="Browser">
<arg>css=[name=pass]</arg>
<arg>${pass}</arg>
<tag>PageContent</tag>
<tag>Setter</tag>
<doc>Clears and fills the given ``txt`` into the text field found by ``selector``.</doc>
<msg timestamp="20240620 11:43:50.636" level="INFO">Fills the text '123456' in the given field.</msg>
<status status="PASS" starttime="20240620 11:43:50.636" endtime="20240620 11:43:50.651"/>
</kw>
<kw name="Click" library="Browser">
<arg>css=button &gt;&gt; text=Entrar</arg>
<tag>PageContent</tag>
<tag>Setter</tag>
<doc>Simulates mouse click on the element found by ``selector``.</doc>
<status status="PASS" starttime="20240620 11:43:50.652" endtime="20240620 11:43:50.701"/>
</kw>
<status status="PASS" starttime="20240620 11:43:50.583" endtime="20240620 11:43:50.701"/>
</kw>
<kw name="Toast have text" library="actions">
<arg>Oops! Credenciais inválidas :(</arg>
<kw name="Set Variable" library="BuiltIn">
<var>${selector}</var>
<arg>div[role=status]</arg>
<doc>Returns the given values which can then be assigned to a variables.</doc>
<msg timestamp="20240620 11:43:50.703" level="INFO">${selector} = div[role=status]</msg>
<status status="PASS" starttime="20240620 11:43:50.703" endtime="20240620 11:43:50.703"/>
</kw>
<kw name="Wait For Elements State" library="Browser">
<arg>css=${selector}</arg>
<arg>visible</arg>
<arg>5</arg>
<tag>PageContent</tag>
<tag>Wait</tag>
<doc>Waits for the element found by ``selector`` to satisfy state option.</doc>
<msg timestamp="20240620 11:43:50.711" level="INFO">Waited for Element with selector css=div[role=status] at state visible</msg>
<status status="PASS" starttime="20240620 11:43:50.703" endtime="20240620 11:43:50.711"/>
</kw>
<kw name="Get Text" library="Browser">
<arg>css=${selector}</arg>
<arg>equal</arg>
<arg>${target}</arg>
<tag>Assertion</tag>
<tag>Getter</tag>
<tag>PageContent</tag>
<doc>Returns text attribute of the element found by ``selector``.</doc>
<msg timestamp="20240620 11:43:50.736" level="INFO">Text: 'Oops! Credenciais inválidas :('</msg>
<status status="PASS" starttime="20240620 11:43:50.712" endtime="20240620 11:43:50.736"/>
</kw>
<kw name="Take Screenshot" library="Browser">
<arg>selector=${selector}</arg>
<tag>PageContent</tag>
<doc>Takes a screenshot of the current window or element and saves it to disk.</doc>
<msg timestamp="20240620 11:43:51.124" level="INFO" html="true">&lt;/td&gt;&lt;/tr&gt;&lt;tr&gt;&lt;td colspan="3"&gt;&lt;a href="browser/screenshot/robotframework-browser-screenshot-1.png" target="_blank"&gt;&lt;img src="browser/screenshot/robotframework-browser-screenshot-1.png" width="800px"/&gt;&lt;/a&gt;</msg>
<status status="PASS" starttime="20240620 11:43:50.736" endtime="20240620 11:43:51.124"/>
</kw>
<status status="PASS" starttime="20240620 11:43:50.703" endtime="20240620 11:43:51.124"/>
</kw>
<kw name="Finish Browser" library="base" type="TEARDOWN">
<kw name="Take Screenshot" library="Browser">
<arg>fullPage=true</arg>
<tag>PageContent</tag>
<doc>Takes a screenshot of the current window or element and saves it to disk.</doc>
<msg timestamp="20240620 11:43:51.340" level="INFO" html="true">&lt;/td&gt;&lt;/tr&gt;&lt;tr&gt;&lt;td colspan="3"&gt;&lt;a href="browser/screenshot/robotframework-browser-screenshot-2.png" target="_blank"&gt;&lt;img src="browser/screenshot/robotframework-browser-screenshot-2.png" width="800px"/&gt;&lt;/a&gt;</msg>
<status status="PASS" starttime="20240620 11:43:51.125" endtime="20240620 11:43:51.340"/>
</kw>
<status status="PASS" starttime="20240620 11:43:51.125" endtime="20240620 11:43:51.340"/>
</kw>
<status status="PASS" starttime="20240620 11:43:44.864" endtime="20240620 11:43:51.341"/>
</test>
<test id="s1-s1-t2" name="Usuário não cadastrado" line="14">
<kw name="Start Browser" library="base" type="SETUP">
<kw name="New Browser" library="Browser">
<arg>browser=${BROWSER}</arg>
<arg>headless=${IS_HEADLESS}</arg>
<tag>BrowserControl</tag>
<tag>Setter</tag>
<doc>Create a new playwright Browser with specified options.</doc>
<msg timestamp="20240620 11:43:51.376" level="INFO">Switching browser to browser=d7f40064-8297-43b6-84a6-b744a31124d7</msg>
<msg timestamp="20240620 11:43:51.379" level="INFO">Successfully changed active browser</msg>
<msg timestamp="20240620 11:43:51.379" level="INFO">Reusing existing browser with id: browser=d7f40064-8297-43b6-84a6-b744a31124d7</msg>
<status status="PASS" starttime="20240620 11:43:51.376" endtime="20240620 11:43:51.379"/>
</kw>
<kw name="New Page" library="Browser">
<arg>${BASE_URL}</arg>
<tag>BrowserControl</tag>
<tag>Setter</tag>
<doc>Open a new Page.</doc>
<msg timestamp="20240620 11:43:53.922" level="INFO">Successfully initialized new page object and opened url: https://loginxp.vercel.app</msg>
<msg timestamp="20240620 11:43:53.922" level="INFO">No context was open. New context was automatically opened when this page is created.</msg>
<status status="PASS" starttime="20240620 11:43:51.379" endtime="20240620 11:43:53.922"/>
</kw>
<status status="PASS" starttime="20240620 11:43:51.376" endtime="20240620 11:43:53.922"/>
</kw>
<kw name="Submit Credentials" library="actions">
<arg>teste123</arg>
<arg>123456</arg>
<kw name="Fill Text" library="Browser">
<arg>css=[name=user]</arg>
<arg>${user}</arg>
<tag>PageContent</tag>
<tag>Setter</tag>
<doc>Clears and fills the given ``txt`` into the text field found by ``selector``.</doc>
<msg timestamp="20240620 11:43:53.922" level="INFO">Fills the text 'teste123' in the given field.</msg>
<status status="PASS" starttime="20240620 11:43:53.922" endtime="20240620 11:43:53.956"/>
</kw>
<kw name="Fill Text" library="Browser">
<arg>css=[name=pass]</arg>
<arg>${pass}</arg>
<tag>PageContent</tag>
<tag>Setter</tag>
<doc>Clears and fills the given ``txt`` into the text field found by ``selector``.</doc>
<msg timestamp="20240620 11:43:53.956" level="INFO">Fills the text '123456' in the given field.</msg>
<status status="PASS" starttime="20240620 11:43:53.956" endtime="20240620 11:43:53.969"/>
</kw>
<kw name="Click" library="Browser">
<arg>css=button &gt;&gt; text=Entrar</arg>
<tag>PageContent</tag>
<tag>Setter</tag>
<doc>Simulates mouse click on the element found by ``selector``.</doc>
<status status="PASS" starttime="20240620 11:43:53.969" endtime="20240620 11:43:54.018"/>
</kw>
<status status="PASS" starttime="20240620 11:43:53.922" endtime="20240620 11:43:54.018"/>
</kw>
<kw name="Toast have text" library="actions">
<arg>Oops! Credenciais inválidas :(</arg>
<kw name="Set Variable" library="BuiltIn">
<var>${selector}</var>
<arg>div[role=status]</arg>
<doc>Returns the given values which can then be assigned to a variables.</doc>
<msg timestamp="20240620 11:43:54.019" level="INFO">${selector} = div[role=status]</msg>
<status status="PASS" starttime="20240620 11:43:54.019" endtime="20240620 11:43:54.019"/>
</kw>
<kw name="Wait For Elements State" library="Browser">
<arg>css=${selector}</arg>
<arg>visible</arg>
<arg>5</arg>
<tag>PageContent</tag>
<tag>Wait</tag>
<doc>Waits for the element found by ``selector`` to satisfy state option.</doc>
<msg timestamp="20240620 11:43:54.025" level="INFO">Waited for Element with selector css=div[role=status] at state visible</msg>
<status status="PASS" starttime="20240620 11:43:54.019" endtime="20240620 11:43:54.025"/>
</kw>
<kw name="Get Text" library="Browser">
<arg>css=${selector}</arg>
<arg>equal</arg>
<arg>${target}</arg>
<tag>Assertion</tag>
<tag>Getter</tag>
<tag>PageContent</tag>
<doc>Returns text attribute of the element found by ``selector``.</doc>
<msg timestamp="20240620 11:43:54.048" level="INFO">Text: 'Oops! Credenciais inválidas :('</msg>
<status status="PASS" starttime="20240620 11:43:54.025" endtime="20240620 11:43:54.048"/>
</kw>
<kw name="Take Screenshot" library="Browser">
<arg>selector=${selector}</arg>
<tag>PageContent</tag>
<doc>Takes a screenshot of the current window or element and saves it to disk.</doc>
<msg timestamp="20240620 11:43:54.421" level="INFO" html="true">&lt;/td&gt;&lt;/tr&gt;&lt;tr&gt;&lt;td colspan="3"&gt;&lt;a href="browser/screenshot/robotframework-browser-screenshot-3.png" target="_blank"&gt;&lt;img src="browser/screenshot/robotframework-browser-screenshot-3.png" width="800px"/&gt;&lt;/a&gt;</msg>
<status status="PASS" starttime="20240620 11:43:54.048" endtime="20240620 11:43:54.421"/>
</kw>
<status status="PASS" starttime="20240620 11:43:54.019" endtime="20240620 11:43:54.422"/>
</kw>
<kw name="Finish Browser" library="base" type="TEARDOWN">
<kw name="Take Screenshot" library="Browser">
<arg>fullPage=true</arg>
<tag>PageContent</tag>
<doc>Takes a screenshot of the current window or element and saves it to disk.</doc>
<msg timestamp="20240620 11:43:54.628" level="INFO" html="true">&lt;/td&gt;&lt;/tr&gt;&lt;tr&gt;&lt;td colspan="3"&gt;&lt;a href="browser/screenshot/robotframework-browser-screenshot-4.png" target="_blank"&gt;&lt;img src="browser/screenshot/robotframework-browser-screenshot-4.png" width="800px"/&gt;&lt;/a&gt;</msg>
<status status="PASS" starttime="20240620 11:43:54.423" endtime="20240620 11:43:54.628"/>
</kw>
<status status="PASS" starttime="20240620 11:43:54.422" endtime="20240620 11:43:54.628"/>
</kw>
<status status="PASS" starttime="20240620 11:43:51.374" endtime="20240620 11:43:54.629"/>
</test>
<test id="s1-s1-t3" name="Usuário deve ser obrigatório" line="18">
<kw name="Start Browser" library="base" type="SETUP">
<kw name="New Browser" library="Browser">
<arg>browser=${BROWSER}</arg>
<arg>headless=${IS_HEADLESS}</arg>
<tag>BrowserControl</tag>
<tag>Setter</tag>
<doc>Create a new playwright Browser with specified options.</doc>
<msg timestamp="20240620 11:43:54.663" level="INFO">Switching browser to browser=d7f40064-8297-43b6-84a6-b744a31124d7</msg>
<msg timestamp="20240620 11:43:54.664" level="INFO">Successfully changed active browser</msg>
<msg timestamp="20240620 11:43:54.664" level="INFO">Reusing existing browser with id: browser=d7f40064-8297-43b6-84a6-b744a31124d7</msg>
<status status="PASS" starttime="20240620 11:43:54.663" endtime="20240620 11:43:54.664"/>
</kw>
<kw name="New Page" library="Browser">
<arg>${BASE_URL}</arg>
<tag>BrowserControl</tag>
<tag>Setter</tag>
<doc>Open a new Page.</doc>
<msg timestamp="20240620 11:43:57.587" level="INFO">Successfully initialized new page object and opened url: https://loginxp.vercel.app</msg>
<msg timestamp="20240620 11:43:57.587" level="INFO">No context was open. New context was automatically opened when this page is created.</msg>
<status status="PASS" starttime="20240620 11:43:54.664" endtime="20240620 11:43:57.587"/>
</kw>
<status status="PASS" starttime="20240620 11:43:54.663" endtime="20240620 11:43:57.587"/>
</kw>
<kw name="Submit Credentials" library="actions">
<arg>${EMPTY}</arg>
<arg>123456</arg>
<kw name="Fill Text" library="Browser">
<arg>css=[name=user]</arg>
<arg>${user}</arg>
<tag>PageContent</tag>
<tag>Setter</tag>
<doc>Clears and fills the given ``txt`` into the text field found by ``selector``.</doc>
<msg timestamp="20240620 11:43:57.587" level="INFO">Fills the text '' in the given field.</msg>
<status status="PASS" starttime="20240620 11:43:57.587" endtime="20240620 11:43:57.631"/>
</kw>
<kw name="Fill Text" library="Browser">
<arg>css=[name=pass]</arg>
<arg>${pass}</arg>
<tag>PageContent</tag>
<tag>Setter</tag>
<doc>Clears and fills the given ``txt`` into the text field found by ``selector``.</doc>
<msg timestamp="20240620 11:43:57.632" level="INFO">Fills the text '123456' in the given field.</msg>
<status status="PASS" starttime="20240620 11:43:57.632" endtime="20240620 11:43:57.653"/>
</kw>
<kw name="Click" library="Browser">
<arg>css=button &gt;&gt; text=Entrar</arg>
<tag>PageContent</tag>
<tag>Setter</tag>
<doc>Simulates mouse click on the element found by ``selector``.</doc>
<status status="PASS" starttime="20240620 11:43:57.653" endtime="20240620 11:43:57.717"/>
</kw>
<status status="PASS" starttime="20240620 11:43:57.587" endtime="20240620 11:43:57.717"/>
</kw>
<kw name="Toast have text" library="actions">
<arg>Informe o seu nome de usuário!</arg>
<kw name="Set Variable" library="BuiltIn">
<var>${selector}</var>
<arg>div[role=status]</arg>
<doc>Returns the given values which can then be assigned to a variables.</doc>
<msg timestamp="20240620 11:43:57.719" level="INFO">${selector} = div[role=status]</msg>
<status status="PASS" starttime="20240620 11:43:57.719" endtime="20240620 11:43:57.719"/>
</kw>
<kw name="Wait For Elements State" library="Browser">
<arg>css=${selector}</arg>
<arg>visible</arg>
<arg>5</arg>
<tag>PageContent</tag>
<tag>Wait</tag>
<doc>Waits for the element found by ``selector`` to satisfy state option.</doc>
<msg timestamp="20240620 11:43:57.725" level="INFO">Waited for Element with selector css=div[role=status] at state visible</msg>
<status status="PASS" starttime="20240620 11:43:57.719" endtime="20240620 11:43:57.727"/>
</kw>
<kw name="Get Text" library="Browser">
<arg>css=${selector}</arg>
<arg>equal</arg>
<arg>${target}</arg>
<tag>Assertion</tag>
<tag>Getter</tag>
<tag>PageContent</tag>
<doc>Returns text attribute of the element found by ``selector``.</doc>
<msg timestamp="20240620 11:43:57.751" level="INFO">Text: 'Informe o seu nome de usuário!'</msg>
<status status="PASS" starttime="20240620 11:43:57.727" endtime="20240620 11:43:57.751"/>
</kw>
<kw name="Take Screenshot" library="Browser">
<arg>selector=${selector}</arg>
<tag>PageContent</tag>
<doc>Takes a screenshot of the current window or element and saves it to disk.</doc>
<msg timestamp="20240620 11:43:58.119" level="INFO" html="true">&lt;/td&gt;&lt;/tr&gt;&lt;tr&gt;&lt;td colspan="3"&gt;&lt;a href="browser/screenshot/robotframework-browser-screenshot-5.png" target="_blank"&gt;&lt;img src="browser/screenshot/robotframework-browser-screenshot-5.png" width="800px"/&gt;&lt;/a&gt;</msg>
<status status="PASS" starttime="20240620 11:43:57.751" endtime="20240620 11:43:58.119"/>
</kw>
<status status="PASS" starttime="20240620 11:43:57.719" endtime="20240620 11:43:58.119"/>
</kw>
<kw name="Finish Browser" library="base" type="TEARDOWN">
<kw name="Take Screenshot" library="Browser">
<arg>fullPage=true</arg>
<tag>PageContent</tag>
<doc>Takes a screenshot of the current window or element and saves it to disk.</doc>
<msg timestamp="20240620 11:43:58.309" level="INFO" html="true">&lt;/td&gt;&lt;/tr&gt;&lt;tr&gt;&lt;td colspan="3"&gt;&lt;a href="browser/screenshot/robotframework-browser-screenshot-6.png" target="_blank"&gt;&lt;img src="browser/screenshot/robotframework-browser-screenshot-6.png" width="800px"/&gt;&lt;/a&gt;</msg>
<status status="PASS" starttime="20240620 11:43:58.119" endtime="20240620 11:43:58.310"/>
</kw>
<status status="PASS" starttime="20240620 11:43:58.119" endtime="20240620 11:43:58.310"/>
</kw>
<status status="PASS" starttime="20240620 11:43:54.660" endtime="20240620 11:43:58.310"/>
</test>
<test id="s1-s1-t4" name="Senha deve ser obrigatória" line="22">
<kw name="Start Browser" library="base" type="SETUP">
<kw name="New Browser" library="Browser">
<arg>browser=${BROWSER}</arg>
<arg>headless=${IS_HEADLESS}</arg>
<tag>BrowserControl</tag>
<tag>Setter</tag>
<doc>Create a new playwright Browser with specified options.</doc>
<msg timestamp="20240620 11:43:58.340" level="INFO">Switching browser to browser=d7f40064-8297-43b6-84a6-b744a31124d7</msg>
<msg timestamp="20240620 11:43:58.344" level="INFO">Successfully changed active browser</msg>
<msg timestamp="20240620 11:43:58.344" level="INFO">Reusing existing browser with id: browser=d7f40064-8297-43b6-84a6-b744a31124d7</msg>
<status status="PASS" starttime="20240620 11:43:58.340" endtime="20240620 11:43:58.344"/>
</kw>
<kw name="New Page" library="Browser">
<arg>${BASE_URL}</arg>
<tag>BrowserControl</tag>
<tag>Setter</tag>
<doc>Open a new Page.</doc>
<msg timestamp="20240620 11:44:00.423" level="INFO">Successfully initialized new page object and opened url: https://loginxp.vercel.app</msg>
<msg timestamp="20240620 11:44:00.423" level="INFO">No context was open. New context was automatically opened when this page is created.</msg>
<status status="PASS" starttime="20240620 11:43:58.344" endtime="20240620 11:44:00.439"/>
</kw>
<status status="PASS" starttime="20240620 11:43:58.340" endtime="20240620 11:44:00.439"/>
</kw>
<kw name="Submit Credentials" library="actions">
<arg>teste123</arg>
<arg>${EMPTY}</arg>
<kw name="Fill Text" library="Browser">
<arg>css=[name=user]</arg>
<arg>${user}</arg>
<tag>PageContent</tag>
<tag>Setter</tag>
<doc>Clears and fills the given ``txt`` into the text field found by ``selector``.</doc>
<msg timestamp="20240620 11:44:00.439" level="INFO">Fills the text 'teste123' in the given field.</msg>
<status status="PASS" starttime="20240620 11:44:00.439" endtime="20240620 11:44:00.474"/>
</kw>
<kw name="Fill Text" library="Browser">
<arg>css=[name=pass]</arg>
<arg>${pass}</arg>
<tag>PageContent</tag>
<tag>Setter</tag>
<doc>Clears and fills the given ``txt`` into the text field found by ``selector``.</doc>
<msg timestamp="20240620 11:44:00.474" level="INFO">Fills the text '' in the given field.</msg>
<status status="PASS" starttime="20240620 11:44:00.474" endtime="20240620 11:44:00.487"/>
</kw>
<kw name="Click" library="Browser">
<arg>css=button &gt;&gt; text=Entrar</arg>
<tag>PageContent</tag>
<tag>Setter</tag>
<doc>Simulates mouse click on the element found by ``selector``.</doc>
<status status="PASS" starttime="20240620 11:44:00.487" endtime="20240620 11:44:00.533"/>
</kw>
<status status="PASS" starttime="20240620 11:44:00.439" endtime="20240620 11:44:00.534"/>
</kw>
<kw name="Toast have text" library="actions">
<arg>Informe a sua senha secreta!</arg>
<kw name="Set Variable" library="BuiltIn">
<var>${selector}</var>
<arg>div[role=status]</arg>
<doc>Returns the given values which can then be assigned to a variables.</doc>
<msg timestamp="20240620 11:44:00.534" level="INFO">${selector} = div[role=status]</msg>
<status status="PASS" starttime="20240620 11:44:00.534" endtime="20240620 11:44:00.534"/>
</kw>
<kw name="Wait For Elements State" library="Browser">
<arg>css=${selector}</arg>
<arg>visible</arg>
<arg>5</arg>
<tag>PageContent</tag>
<tag>Wait</tag>
<doc>Waits for the element found by ``selector`` to satisfy state option.</doc>
<msg timestamp="20240620 11:44:00.540" level="INFO">Waited for Element with selector css=div[role=status] at state visible</msg>
<status status="PASS" starttime="20240620 11:44:00.534" endtime="20240620 11:44:00.542"/>
</kw>
<kw name="Get Text" library="Browser">
<arg>css=${selector}</arg>
<arg>equal</arg>
<arg>${target}</arg>
<tag>Assertion</tag>
<tag>Getter</tag>
<tag>PageContent</tag>
<doc>Returns text attribute of the element found by ``selector``.</doc>
<msg timestamp="20240620 11:44:00.562" level="INFO">Text: 'Informe a sua senha secreta!'</msg>
<status status="PASS" starttime="20240620 11:44:00.542" endtime="20240620 11:44:00.562"/>
</kw>
<kw name="Take Screenshot" library="Browser">
<arg>selector=${selector}</arg>
<tag>PageContent</tag>
<doc>Takes a screenshot of the current window or element and saves it to disk.</doc>
<msg timestamp="20240620 11:44:00.952" level="INFO" html="true">&lt;/td&gt;&lt;/tr&gt;&lt;tr&gt;&lt;td colspan="3"&gt;&lt;a href="browser/screenshot/robotframework-browser-screenshot-7.png" target="_blank"&gt;&lt;img src="browser/screenshot/robotframework-browser-screenshot-7.png" width="800px"/&gt;&lt;/a&gt;</msg>
<status status="PASS" starttime="20240620 11:44:00.562" endtime="20240620 11:44:00.952"/>
</kw>
<status status="PASS" starttime="20240620 11:44:00.534" endtime="20240620 11:44:00.953"/>
</kw>
<kw name="Finish Browser" library="base" type="TEARDOWN">
<kw name="Take Screenshot" library="Browser">
<arg>fullPage=true</arg>
<tag>PageContent</tag>
<doc>Takes a screenshot of the current window or element and saves it to disk.</doc>
<msg timestamp="20240620 11:44:01.146" level="INFO" html="true">&lt;/td&gt;&lt;/tr&gt;&lt;tr&gt;&lt;td colspan="3"&gt;&lt;a href="browser/screenshot/robotframework-browser-screenshot-8.png" target="_blank"&gt;&lt;img src="browser/screenshot/robotframework-browser-screenshot-8.png" width="800px"/&gt;&lt;/a&gt;</msg>
<status status="PASS" starttime="20240620 11:44:00.953" endtime="20240620 11:44:01.147"/>
</kw>
<status status="PASS" starttime="20240620 11:44:00.953" endtime="20240620 11:44:01.147"/>
</kw>
<status status="PASS" starttime="20240620 11:43:58.337" endtime="20240620 11:44:01.147"/>
</test>
<test id="s1-s1-t5" name="Login com sucesso" line="26">
<kw name="Start Browser" library="base" type="SETUP">
<kw name="New Browser" library="Browser">
<arg>browser=${BROWSER}</arg>
<arg>headless=${IS_HEADLESS}</arg>
<tag>BrowserControl</tag>
<tag>Setter</tag>
<doc>Create a new playwright Browser with specified options.</doc>
<msg timestamp="20240620 11:44:01.178" level="INFO">Switching browser to browser=d7f40064-8297-43b6-84a6-b744a31124d7</msg>
<msg timestamp="20240620 11:44:01.179" level="INFO">Successfully changed active browser</msg>
<msg timestamp="20240620 11:44:01.179" level="INFO">Reusing existing browser with id: browser=d7f40064-8297-43b6-84a6-b744a31124d7</msg>
<status status="PASS" starttime="20240620 11:44:01.178" endtime="20240620 11:44:01.179"/>
</kw>
<kw name="New Page" library="Browser">
<arg>${BASE_URL}</arg>
<tag>BrowserControl</tag>
<tag>Setter</tag>
<doc>Open a new Page.</doc>
<msg timestamp="20240620 11:44:03.089" level="INFO">Successfully initialized new page object and opened url: https://loginxp.vercel.app</msg>
<msg timestamp="20240620 11:44:03.089" level="INFO">No context was open. New context was automatically opened when this page is created.</msg>
<status status="PASS" starttime="20240620 11:44:01.179" endtime="20240620 11:44:03.089"/>
</kw>
<status status="PASS" starttime="20240620 11:44:01.177" endtime="20240620 11:44:03.089"/>
</kw>
<kw name="Submit Credentials" library="actions">
<arg>qa</arg>
<arg>xperience</arg>
<kw name="Fill Text" library="Browser">
<arg>css=[name=user]</arg>
<arg>${user}</arg>
<tag>PageContent</tag>
<tag>Setter</tag>
<doc>Clears and fills the given ``txt`` into the text field found by ``selector``.</doc>
<msg timestamp="20240620 11:44:03.090" level="INFO">Fills the text 'qa' in the given field.</msg>
<status status="PASS" starttime="20240620 11:44:03.090" endtime="20240620 11:44:03.124"/>
</kw>
<kw name="Fill Text" library="Browser">
<arg>css=[name=pass]</arg>
<arg>${pass}</arg>
<tag>PageContent</tag>
<tag>Setter</tag>
<doc>Clears and fills the given ``txt`` into the text field found by ``selector``.</doc>
<msg timestamp="20240620 11:44:03.124" level="INFO">Fills the text 'xperience' in the given field.</msg>
<status status="PASS" starttime="20240620 11:44:03.124" endtime="20240620 11:44:03.138"/>
</kw>
<kw name="Click" library="Browser">
<arg>css=button &gt;&gt; text=Entrar</arg>
<tag>PageContent</tag>
<tag>Setter</tag>
<doc>Simulates mouse click on the element found by ``selector``.</doc>
<status status="PASS" starttime="20240620 11:44:03.138" endtime="20240620 11:44:03.203"/>
</kw>
<status status="PASS" starttime="20240620 11:44:03.090" endtime="20240620 11:44:03.203"/>
</kw>
<kw name=" Modal have text" library="actions">
<arg>Tudo certo!</arg>
<kw name="Set Variable" library="BuiltIn">
<var>${ele}</var>
<arg>css=#swal2-title</arg>
<doc>Returns the given values which can then be assigned to a variables.</doc>
<msg timestamp="20240620 11:44:03.204" level="INFO">${ele} = css=#swal2-title</msg>
<status status="PASS" starttime="20240620 11:44:03.204" endtime="20240620 11:44:03.204"/>
</kw>
<kw name="Wait For Elements State" library="Browser">
<arg>${ele}</arg>
<arg>visible</arg>
<arg>5</arg>
<tag>PageContent</tag>
<tag>Wait</tag>
<doc>Waits for the element found by ``selector`` to satisfy state option.</doc>
<msg timestamp="20240620 11:44:03.213" level="INFO">Waited for Element with selector css=#swal2-title at state visible</msg>
<status status="PASS" starttime="20240620 11:44:03.204" endtime="20240620 11:44:03.213"/>
</kw>
<kw name="Get Text" library="Browser">
<arg>${ele}</arg>
<arg>equal</arg>
<arg>${target}</arg>
<tag>Assertion</tag>
<tag>Getter</tag>
<tag>PageContent</tag>
<doc>Returns text attribute of the element found by ``selector``.</doc>
<msg timestamp="20240620 11:44:03.233" level="INFO">Text: 'Tudo certo!'</msg>
<status status="PASS" starttime="20240620 11:44:03.213" endtime="20240620 11:44:03.233"/>
</kw>
<status status="PASS" starttime="20240620 11:44:03.204" endtime="20240620 11:44:03.233"/>
</kw>
<kw name="Finish Browser" library="base" type="TEARDOWN">
<kw name="Take Screenshot" library="Browser">
<arg>fullPage=true</arg>
<tag>PageContent</tag>
<doc>Takes a screenshot of the current window or element and saves it to disk.</doc>
<msg timestamp="20240620 11:44:03.390" level="INFO" html="true">&lt;/td&gt;&lt;/tr&gt;&lt;tr&gt;&lt;td colspan="3"&gt;&lt;a href="browser/screenshot/robotframework-browser-screenshot-9.png" target="_blank"&gt;&lt;img src="browser/screenshot/robotframework-browser-screenshot-9.png" width="800px"/&gt;&lt;/a&gt;</msg>
<status status="PASS" starttime="20240620 11:44:03.235" endtime="20240620 11:44:03.390"/>
</kw>
<status status="PASS" starttime="20240620 11:44:03.234" endtime="20240620 11:44:03.391"/>
</kw>
<tag>smoke</tag>
<status status="PASS" starttime="20240620 11:44:01.172" endtime="20240620 11:44:03.391"/>
</test>
<doc>Suíte de testes de login</doc>
<status status="PASS" starttime="20240620 11:43:44.175" endtime="20240620 11:44:03.421"/>
</suite>
<status status="PASS" starttime="20240620 11:43:44.156" endtime="20240620 11:44:03.426"/>
</suite>
<statistics>
<total>
<stat pass="5" fail="0" skip="0">All Tests</stat>
</total>
<tag>
<stat pass="1" fail="0" skip="0">smoke</stat>
</tag>
<suite>
<stat pass="5" fail="0" skip="0" id="s1" name="Tests">Tests</stat>
<stat pass="5" fail="0" skip="0" id="s1-s1" name="Login">Tests.Login</stat>
</suite>
</statistics>
<errors>
</errors>
</robot>
